[debug] [2025-08-25T06:28:01.328Z] ----------------------------------------------------------------------
[debug] [2025-08-25T06:28:01.330Z] Command:       C:\Program Files\nodejs\node.exe C:\Users\3학년1반\AppData\Roaming\npm\node_modules\firebase-tools\lib\bin\firebase.js init
[debug] [2025-08-25T06:28:01.331Z] CLI Version:   14.14.0
[debug] [2025-08-25T06:28:01.331Z] Platform:      win32
[debug] [2025-08-25T06:28:01.331Z] Node Version:  v22.17.0
[debug] [2025-08-25T06:28:01.331Z] Time:          Mon Aug 25 2025 15:28:01 GMT+0900 (GMT+09:00)
[debug] [2025-08-25T06:28:01.331Z] ----------------------------------------------------------------------
[debug] 
[debug] [2025-08-25T06:28:01.446Z] > command requires scopes: ["email","openid","https://www.googleapis.com/auth/cloudplatformprojects.readonly","https://www.googleapis.com/auth/firebase","https://www.googleapis.com/auth/cloud-platform"]
[debug] [2025-08-25T06:28:01.447Z] > authorizing via signed-in user (eter217423@gmail.com)
[info] 
     ######## #### ########  ######## ########     ###     ######  ########
     ##        ##  ##     ## ##       ##     ##  ##   ##  ##       ##
     ######    ##  ########  ######   ########  #########  ######  ######
     ##        ##  ##    ##  ##       ##     ## ##     ##       ## ##
     ##       #### ##     ## ######## ########  ##     ##  ######  ########

You're about to initialize a Firebase project in this directory:

  C:\Users\3학년1반

Before we get started, keep in mind:

  * You are initializing within an existing Firebase project directory

[info] 
=== Project Setup
[info] 
[info] First, let's associate this project directory with a Firebase project.
[info] You can create multiple project aliases by running firebase use --add, 
[info] but for now we'll just set up a default project.
[info] 
[debug] [2025-08-25T06:28:07.249Z] Using project from CLI flag: exalted-yeti2
[debug] [2025-08-25T06:28:07.251Z] Checked if tokens are valid: true, expires at: 1756106865732
[debug] [2025-08-25T06:28:07.251Z] Checked if tokens are valid: true, expires at: 1756106865732
[debug] [2025-08-25T06:28:07.252Z] >>> [apiv2][query] GET https://firebase.googleapis.com/v1beta1/projects/exalted-yeti2 [none]
[debug] [2025-08-25T06:28:08.184Z] <<< [apiv2][status] GET https://firebase.googleapis.com/v1beta1/projects/exalted-yeti2 403
[debug] [2025-08-25T06:28:08.184Z] <<< [apiv2][body] GET https://firebase.googleapis.com/v1beta1/projects/exalted-yeti2 {"error":{"code":403,"message":"The caller does not have permission","status":"PERMISSION_DENIED"}}
[debug] [2025-08-25T06:28:08.185Z] Request to https://firebase.googleapis.com/v1beta1/projects/exalted-yeti2 had HTTP Error: 403, The caller does not have permission
[debug] [2025-08-25T06:28:08.470Z] FirebaseError: Request to https://firebase.googleapis.com/v1beta1/projects/exalted-yeti2 had HTTP Error: 403, The caller does not have permission
    at responseToError (C:\Users\3학년1반\AppData\Roaming\npm\node_modules\firebase-tools\lib\responseToError.js:52:12)
    at RetryOperation._fn (C:\Users\3학년1반\AppData\Roaming\npm\node_modules\firebase-tools\lib\apiv2.js:312:77)
    at process.processTicksAndRejections (node:internal/process/task_queues:105:5)
[error] 
[error] Error: Failed to get Firebase project exalted-yeti2. Please make sure the project exists and your account has permission to access it.
